==> Installing xorg-apps from linuxbrew/xorg
==> Installing dependencies for linuxbrew/xorg/xorg-apps: linuxbrew/xorg/xpr, linuxbrew/xorg/xprop, linuxbrew/xorg/xrandr, linuxbrew/xorg/xrdb, linuxbrew/xorg/xrefresh, linuxbrew/xorg/xset, linuxbrew/xorg/xsetroot, linuxbrew/xorg/xvinfo, linuxbrew/xorg/xwd, linuxbrew/xorg/xwininfo, linuxbrew/xorg/xwud
==> Installing linuxbrew/xorg/xorg-apps dependency: linuxbrew/xorg/xpr
==> Downloading https://linuxbrew.bintray.com/bottles-xorg/xpr-1.0.4.x86_64_linux.bottle.tar.gz
==> Pouring xpr-1.0.4.x86_64_linux.bottle.tar.gz
🍺  /home/linuxbrew/.linuxbrew/Cellar/xpr/1.0.4: 10 files, 103KB
==> Installing linuxbrew/xorg/xorg-apps dependency: linuxbrew/xorg/xprop
==> Downloading https://linuxbrew.bintray.com/bottles-xorg/xprop-1.2.2.x86_64_linux.bottle.tar.gz
==> Pouring xprop-1.2.2.x86_64_linux.bottle.tar.gz
🍺  /home/linuxbrew/.linuxbrew/Cellar/xprop/1.2.2: 6 files, 109.5KB
==> Installing linuxbrew/xorg/xorg-apps dependency: linuxbrew/xorg/xrandr
==> Downloading https://www.x.org/pub/individual/app/xrandr-1.5.0.tar.bz2
==> Downloading from https://www.x.org/archive//individual/app/xrandr-1.5.0.tar.bz2
==> ./configure --prefix=/home/linuxbrew/.linuxbrew/Cellar/xrandr/1.5.0 --sysconfdir=/home/linuxbrew/.linuxbrew/etc --localstatedir=/home/linuxbrew/.linuxbrew/var --disable-silent-rules
==> make
==> make install
🍺  /home/linuxbrew/.linuxbrew/Cellar/xrandr/1.5.0: 8 files, 384.9KB, built in 8 seconds
==> Installing linuxbrew/xorg/xorg-apps dependency: linuxbrew/xorg/xrdb
==> Downloading https://linuxbrew.bintray.com/bottles-xorg/xrdb-1.1.0.x86_64_linux.bottle.tar.gz
==> Pouring xrdb-1.1.0.x86_64_linux.bottle.tar.gz
🍺  /home/linuxbrew/.linuxbrew/Cellar/xrdb/1.1.0: 7 files, 94.8KB
==> Installing linuxbrew/xorg/xorg-apps dependency: linuxbrew/xorg/xrefresh
==> Downloading https://linuxbrew.bintray.com/bottles-xorg/xrefresh-1.0.5.x86_64_linux.bottle.tar.gz
==> Pouring xrefresh-1.0.5.x86_64_linux.bottle.tar.gz
🍺  /home/linuxbrew/.linuxbrew/Cellar/xrefresh/1.0.5: 6 files, 58.3KB
==> Installing linuxbrew/xorg/xorg-apps dependency: linuxbrew/xorg/xset
==> Downloading https://www.x.org/pub/individual/app/xset-1.2.3.tar.bz2
==> Downloading from https://www.x.org/archive//individual/app/xset-1.2.3.tar.bz2
==> ./configure --prefix=/home/linuxbrew/.linuxbrew/Cellar/xset/1.2.3 --sysconfdir=/home/linuxbrew/.linuxbrew/etc --localstatedir=/home/linuxbrew/.linuxbrew/var --disable-silent-rules
==> make
==> make install
🍺  /home/linuxbrew/.linuxbrew/Cellar/xset/1.2.3: 7 files, 202.5KB, built in 8 seconds
==> Installing linuxbrew/xorg/xorg-apps dependency: linuxbrew/xorg/xsetroot
==> Downloading https://linuxbrew.bintray.com/bottles-xorg/xsetroot-1.1.1.x86_64_linux.bottle.tar.gz
==> Pouring xsetroot-1.1.1.x86_64_linux.bottle.tar.gz
🍺  /home/linuxbrew/.linuxbrew/Cellar/xsetroot/1.1.1: 6 files, 65KB
==> Installing linuxbrew/xorg/xorg-apps dependency: linuxbrew/xorg/xvinfo
==> Downloading https://linuxbrew.bintray.com/bottles-xorg/xvinfo-1.1.3.x86_64_linux.bottle.tar.gz
==> Pouring xvinfo-1.1.3.x86_64_linux.bottle.tar.gz
🍺  /home/linuxbrew/.linuxbrew/Cellar/xvinfo/1.1.3: 6 files, 63KB
==> Installing linuxbrew/xorg/xorg-apps dependency: linuxbrew/xorg/xwd
==> Downloading https://linuxbrew.bintray.com/bottles-xorg/xwd-1.0.6.x86_64_linux.bottle.tar.gz
==> Pouring xwd-1.0.6.x86_64_linux.bottle.tar.gz
🍺  /home/linuxbrew/.linuxbrew/Cellar/xwd/1.0.6: 6 files, 84.4KB
==> Installing linuxbrew/xorg/xorg-apps dependency: linuxbrew/xorg/xwininfo
==> Downloading https://www.x.org/pub/individual/app/xwininfo-1.1.3.tar.bz2
==> Downloading from https://www.x.org/archive//individual/app/xwininfo-1.1.3.tar.bz2
==> ./configure --prefix=/home/linuxbrew/.linuxbrew/Cellar/xwininfo/1.1.3 --sysconfdir=/home/linuxbrew/.linuxbrew/etc --localstatedir=/home/linuxbrew/.linuxbrew/var --disable-silent-rules --with-xcb-icccm
==> make
==> make install
🍺  /home/linuxbrew/.linuxbrew/Cellar/xwininfo/1.1.3: 7 files, 230KB, built in 7 seconds
==> Installing linuxbrew/xorg/xorg-apps dependency: linuxbrew/xorg/xwud
==> Downloading https://linuxbrew.bintray.com/bottles-xorg/xwud-1.0.4.x86_64_linux.bottle.tar.gz
==> Pouring xwud-1.0.4.x86_64_linux.bottle.tar.gz
🍺  /home/linuxbrew/.linuxbrew/Cellar/xwud/1.0.4: 6 files, 73KB
==> Installing linuxbrew/xorg/xorg-apps
==> Downloading https://gist.githubusercontent.com/maxim-belkin/6916a35b777799d4e71b213eaae8a980/raw/974f263825c96a43310fca7a8106d0c7c015b681/README.md
==> Xorg Applications have been installed!
🍺  /home/linuxbrew/.linuxbrew/Cellar/xorg-apps/20160522: 3 files, 18.0KB, built in 22 seconds
This formula doesn't require compiling.
